
=== Fri Mar 11 13:13:46 2022

Packages were changed.
Update Mode: mergeDefaultDependencies

The following packages were added:
  com.unity.ide.rider@3.0.12
  com.unity.ide.visualstudio@2.0.14
  com.unity.ide.vscode@1.2.5
  com.unity.modules.ai@1.0.0
  com.unity.modules.androidjni@1.0.0
  com.unity.modules.animation@1.0.0
  com.unity.modules.assetbundle@1.0.0
  com.unity.modules.audio@1.0.0
  com.unity.modules.cloth@1.0.0
  com.unity.modules.director@1.0.0
  com.unity.modules.imageconversion@1.0.0
  com.unity.modules.imgui@1.0.0
  com.unity.modules.jsonserialize@1.0.0
  com.unity.modules.particlesystem@1.0.0
  com.unity.modules.physics@1.0.0
  com.unity.modules.physics2d@1.0.0
  com.unity.modules.screencapture@1.0.0
  com.unity.modules.terrain@1.0.0
  com.unity.modules.terrainphysics@1.0.0
  com.unity.modules.tilemap@1.0.0
  com.unity.modules.ui@1.0.0
  com.unity.modules.uielements@1.0.0
  com.unity.modules.umbra@1.0.0
  com.unity.modules.unityanalytics@1.0.0
  com.unity.modules.unitywebrequest@1.0.0
  com.unity.modules.unitywebrequestassetbundle@1.0.0
  com.unity.modules.unitywebrequestaudio@1.0.0
  com.unity.modules.unitywebrequesttexture@1.0.0
  com.unity.modules.unitywebrequestwww@1.0.0
  com.unity.modules.vehicles@1.0.0
  com.unity.modules.video@1.0.0
  com.unity.modules.vr@1.0.0
  com.unity.modules.wind@1.0.0
  com.unity.modules.xr@1.0.0
  com.unity.test-framework@1.1.29
  com.unity.visualscripting@1.7.6
The following packages were updated:
  com.unity.collab-proxy from version 1.13.5 to 1.15.12
  com.unity.timeline from version 1.6.2 to 1.6.4

=== Fri Mar 11 13:30:59 2022

Packages were changed.
Update Mode: mergeDefaultDependencies

The following packages were added:
  com.unity.2d.sprite@1.0.0

=== Sat Nov 11 22:33:35 2023

Packages were changed.
Update Mode: updateDependencies

The following packages were 추가됨:
  com.unity.ai.navigation@1.1.4
The following packages were 업데이트됨:
  com.unity.collab-proxy 1.15.12 버전에서 2.0.7버전으로  com.unity.ide.rider 3.0.12 버전에서 3.0.24버전으로  com.unity.ide.visualstudio 2.0.14 버전에서 2.0.18버전으로  com.unity.test-framework 1.1.29 버전에서 1.1.33버전으로  com.unity.timeline 1.6.4 버전에서 1.7.5버전으로  com.unity.visualscripting 1.7.6 버전에서 1.9.0버전으로